0 info it worked if it ends with ok
1 verbose cli [ 'node', '/usr/bin/npm', 'install', '-g', 'es-dependency-graph' ]
2 info using npm@1.3.6
3 info using node@v0.10.33
4 verbose cache add [ 'es-dependency-graph', null ]
5 verbose cache add name=undefined spec="es-dependency-graph" args=["es-dependency-graph",null]
6 verbose parsed url { protocol: null,
6 verbose parsed url   slashes: null,
6 verbose parsed url   auth: null,
6 verbose parsed url   host: null,
6 verbose parsed url   port: null,
6 verbose parsed url   hostname: null,
6 verbose parsed url   hash: null,
6 verbose parsed url   search: null,
6 verbose parsed url   query: null,
6 verbose parsed url   pathname: 'es-dependency-graph',
6 verbose parsed url   path: 'es-dependency-graph',
6 verbose parsed url   href: 'es-dependency-graph' }
7 silly lockFile f6cdc691-es-dependency-graph es-dependency-graph
8 verbose lock es-dependency-graph /home/mwc/.npm/f6cdc691-es-dependency-graph.lock
9 silly lockFile f6cdc691-es-dependency-graph es-dependency-graph
10 silly lockFile f6cdc691-es-dependency-graph es-dependency-graph
11 verbose addNamed [ 'es-dependency-graph', '' ]
12 verbose addNamed [ null, '*' ]
13 silly lockFile 345e3654-es-dependency-graph es-dependency-graph@
14 verbose lock es-dependency-graph@ /home/mwc/.npm/345e3654-es-dependency-graph.lock
15 silly addNameRange { name: 'es-dependency-graph', range: '*', hasData: false }
16 verbose url raw es-dependency-graph
17 verbose url resolving [ 'https://registry.npmjs.org/', './es-dependency-graph' ]
18 verbose url resolved https://registry.npmjs.org/es-dependency-graph
19 info trying registry request attempt 1 at 14:52:09
20 http GET https://registry.npmjs.org/es-dependency-graph
21 http 200 https://registry.npmjs.org/es-dependency-graph
22 silly registry.get cb [ 200,
22 silly registry.get   { date: 'Tue, 24 Mar 2015 18:52:09 GMT',
22 silly registry.get     server: 'CouchDB/1.5.0 (Erlang OTP/R16B03)',
22 silly registry.get     etag: '"96P6SJC2NHZBNRCVW73TXVU3Q"',
22 silly registry.get     'content-type': 'application/json',
22 silly registry.get     'cache-control': 'max-age=60',
22 silly registry.get     'content-length': '7444',
22 silly registry.get     'accept-ranges': 'bytes',
22 silly registry.get     via: '1.1 varnish',
22 silly registry.get     age: '20',
22 silly registry.get     'x-served-by': 'cache-iad2126-IAD',
22 silly registry.get     'x-cache': 'HIT',
22 silly registry.get     'x-cache-hits': '1',
22 silly registry.get     'x-timer': 'S1427223129.247150,VS0,VE0',
22 silly registry.get     vary: 'Accept',
22 silly registry.get     'keep-alive': 'timeout=10, max=50',
22 silly registry.get     connection: 'Keep-Alive' } ]
23 silly addNameRange number 2 { name: 'es-dependency-graph', range: '*', hasData: true }
24 silly addNameRange versions [ 'es-dependency-graph', [ '0.1.3', '0.1.4' ] ]
25 verbose addNamed [ 'es-dependency-graph', '0.1.4' ]
26 verbose addNamed [ '0.1.4', '0.1.4' ]
27 silly lockFile d3072a36-es-dependency-graph-0-1-4 es-dependency-graph@0.1.4
28 verbose lock es-dependency-graph@0.1.4 /home/mwc/.npm/d3072a36-es-dependency-graph-0-1-4.lock
29 silly lockFile e3c3e36a-ph-es-dependency-graph-0-1-4-tgz https://registry.npmjs.org/es-dependency-graph/-/es-dependency-graph-0.1.4.tgz
30 verbose lock https://registry.npmjs.org/es-dependency-graph/-/es-dependency-graph-0.1.4.tgz /home/mwc/.npm/e3c3e36a-ph-es-dependency-graph-0-1-4-tgz.lock
31 verbose addRemoteTarball [ 'https://registry.npmjs.org/es-dependency-graph/-/es-dependency-graph-0.1.4.tgz',
31 verbose addRemoteTarball   '055754d91c7adb4c8ac096703422c66825229f13' ]
32 info retry fetch attempt 1 at 14:52:09
33 verbose fetch to= /home/mwc/tmp/npm-11265--na6PPla/1427223129282-0.6073297287803143/tmp.tgz
34 http GET https://registry.npmjs.org/es-dependency-graph/-/es-dependency-graph-0.1.4.tgz
35 http 200 https://registry.npmjs.org/es-dependency-graph/-/es-dependency-graph-0.1.4.tgz
36 verbose tar unpack /home/mwc/tmp/npm-11265--na6PPla/1427223129282-0.6073297287803143/tmp.tgz
37 silly lockFile 74b10228-29282-0-6073297287803143-package tar:///home/mwc/tmp/npm-11265--na6PPla/1427223129282-0.6073297287803143/package
38 verbose lock tar:///home/mwc/tmp/npm-11265--na6PPla/1427223129282-0.6073297287803143/package /home/mwc/.npm/74b10228-29282-0-6073297287803143-package.lock
39 silly lockFile e8fe26ca-29282-0-6073297287803143-tmp-tgz tar:///home/mwc/tmp/npm-11265--na6PPla/1427223129282-0.6073297287803143/tmp.tgz
40 verbose lock tar:///home/mwc/tmp/npm-11265--na6PPla/1427223129282-0.6073297287803143/tmp.tgz /home/mwc/.npm/e8fe26ca-29282-0-6073297287803143-tmp-tgz.lock
41 silly gunzTarPerm modes [ '755', '644' ]
42 silly gunzTarPerm extractEntry package.json
43 silly gunzTarPerm modified mode [ 'package.json', 438, 420 ]
44 silly gunzTarPerm extractEntry README.md
45 silly gunzTarPerm modified mode [ 'README.md', 438, 420 ]
46 silly gunzTarPerm extractEntry LICENSE.md
47 silly gunzTarPerm modified mode [ 'LICENSE.md', 438, 420 ]
48 silly gunzTarPerm extractEntry bin/dep-graph.js
49 silly gunzTarPerm modified mode [ 'bin/dep-graph.js', 438, 420 ]
50 silly gunzTarPerm extractEntry build/cli.js
51 silly gunzTarPerm modified mode [ 'build/cli.js', 438, 420 ]
52 silly gunzTarPerm extractEntry build/index.js
53 silly gunzTarPerm modified mode [ 'build/index.js', 438, 420 ]
54 silly gunzTarPerm extractEntry dist/cli.js
55 silly gunzTarPerm modified mode [ 'dist/cli.js', 438, 420 ]
56 silly gunzTarPerm extractEntry dist/index.js
57 silly gunzTarPerm modified mode [ 'dist/index.js', 438, 420 ]
58 silly lockFile 74b10228-29282-0-6073297287803143-package tar:///home/mwc/tmp/npm-11265--na6PPla/1427223129282-0.6073297287803143/package
59 silly lockFile 74b10228-29282-0-6073297287803143-package tar:///home/mwc/tmp/npm-11265--na6PPla/1427223129282-0.6073297287803143/package
60 silly lockFile e8fe26ca-29282-0-6073297287803143-tmp-tgz tar:///home/mwc/tmp/npm-11265--na6PPla/1427223129282-0.6073297287803143/tmp.tgz
61 silly lockFile e8fe26ca-29282-0-6073297287803143-tmp-tgz tar:///home/mwc/tmp/npm-11265--na6PPla/1427223129282-0.6073297287803143/tmp.tgz
62 verbose tar pack [ '/home/mwc/.npm/es-dependency-graph/0.1.4/package.tgz',
62 verbose tar pack   '/home/mwc/tmp/npm-11265--na6PPla/1427223129282-0.6073297287803143/package' ]
63 verbose tarball /home/mwc/.npm/es-dependency-graph/0.1.4/package.tgz
64 verbose folder /home/mwc/tmp/npm-11265--na6PPla/1427223129282-0.6073297287803143/package
65 silly lockFile 74b10228-29282-0-6073297287803143-package tar:///home/mwc/tmp/npm-11265--na6PPla/1427223129282-0.6073297287803143/package
66 verbose lock tar:///home/mwc/tmp/npm-11265--na6PPla/1427223129282-0.6073297287803143/package /home/mwc/.npm/74b10228-29282-0-6073297287803143-package.lock
67 silly lockFile 0604fba8-pendency-graph-0-1-4-package-tgz tar:///home/mwc/.npm/es-dependency-graph/0.1.4/package.tgz
68 verbose lock tar:///home/mwc/.npm/es-dependency-graph/0.1.4/package.tgz /home/mwc/.npm/0604fba8-pendency-graph-0-1-4-package-tgz.lock
69 silly lockFile 74b10228-29282-0-6073297287803143-package tar:///home/mwc/tmp/npm-11265--na6PPla/1427223129282-0.6073297287803143/package
70 silly lockFile 74b10228-29282-0-6073297287803143-package tar:///home/mwc/tmp/npm-11265--na6PPla/1427223129282-0.6073297287803143/package
71 silly lockFile 0604fba8-pendency-graph-0-1-4-package-tgz tar:///home/mwc/.npm/es-dependency-graph/0.1.4/package.tgz
72 silly lockFile 0604fba8-pendency-graph-0-1-4-package-tgz tar:///home/mwc/.npm/es-dependency-graph/0.1.4/package.tgz
73 silly lockFile a8c3662a-s-dependency-graph-0-1-4-package /home/mwc/.npm/es-dependency-graph/0.1.4/package
74 verbose lock /home/mwc/.npm/es-dependency-graph/0.1.4/package /home/mwc/.npm/a8c3662a-s-dependency-graph-0-1-4-package.lock
75 silly lockFile a8c3662a-s-dependency-graph-0-1-4-package /home/mwc/.npm/es-dependency-graph/0.1.4/package
76 silly lockFile a8c3662a-s-dependency-graph-0-1-4-package /home/mwc/.npm/es-dependency-graph/0.1.4/package
77 verbose tar unpack /home/mwc/.npm/es-dependency-graph/0.1.4/package.tgz
78 silly lockFile 8de40454-s-dependency-graph-0-1-4-package tar:///home/mwc/.npm/es-dependency-graph/0.1.4/package
79 verbose lock tar:///home/mwc/.npm/es-dependency-graph/0.1.4/package /home/mwc/.npm/8de40454-s-dependency-graph-0-1-4-package.lock
80 silly lockFile 0604fba8-pendency-graph-0-1-4-package-tgz tar:///home/mwc/.npm/es-dependency-graph/0.1.4/package.tgz
81 verbose lock tar:///home/mwc/.npm/es-dependency-graph/0.1.4/package.tgz /home/mwc/.npm/0604fba8-pendency-graph-0-1-4-package-tgz.lock
82 silly gunzTarPerm modes [ '755', '644' ]
83 silly gunzTarPerm extractEntry package.json
84 silly gunzTarPerm extractEntry README.md
85 silly gunzTarPerm extractEntry LICENSE.md
86 silly gunzTarPerm extractEntry bin/dep-graph.js
87 silly gunzTarPerm extractEntry build/cli.js
88 silly gunzTarPerm extractEntry build/index.js
89 silly gunzTarPerm extractEntry dist/cli.js
90 silly gunzTarPerm extractEntry dist/index.js
91 silly lockFile 8de40454-s-dependency-graph-0-1-4-package tar:///home/mwc/.npm/es-dependency-graph/0.1.4/package
92 silly lockFile 8de40454-s-dependency-graph-0-1-4-package tar:///home/mwc/.npm/es-dependency-graph/0.1.4/package
93 silly lockFile 0604fba8-pendency-graph-0-1-4-package-tgz tar:///home/mwc/.npm/es-dependency-graph/0.1.4/package.tgz
94 silly lockFile 0604fba8-pendency-graph-0-1-4-package-tgz tar:///home/mwc/.npm/es-dependency-graph/0.1.4/package.tgz
95 verbose chmod /home/mwc/.npm/es-dependency-graph/0.1.4/package.tgz 644
96 verbose chown /home/mwc/.npm/es-dependency-graph/0.1.4/package.tgz [ 1000, 1000 ]
97 silly lockFile e3c3e36a-ph-es-dependency-graph-0-1-4-tgz https://registry.npmjs.org/es-dependency-graph/-/es-dependency-graph-0.1.4.tgz
98 silly lockFile e3c3e36a-ph-es-dependency-graph-0-1-4-tgz https://registry.npmjs.org/es-dependency-graph/-/es-dependency-graph-0.1.4.tgz
99 silly lockFile d3072a36-es-dependency-graph-0-1-4 es-dependency-graph@0.1.4
100 silly lockFile d3072a36-es-dependency-graph-0-1-4 es-dependency-graph@0.1.4
101 silly lockFile 345e3654-es-dependency-graph es-dependency-graph@
102 silly lockFile 345e3654-es-dependency-graph es-dependency-graph@
103 silly resolved [ { name: 'es-dependency-graph',
103 silly resolved     description: 'Utility for obtaining the dependency graph from ES6 modules',
103 silly resolved     version: '0.1.4',
103 silly resolved     keywords:
103 silly resolved      [ 'ecmascript',
103 silly resolved        'es6',
103 silly resolved        'AST',
103 silly resolved        'dependency',
103 silly resolved        'dependencies',
103 silly resolved        'analizer' ],
103 silly resolved     author:
103 silly resolved      { name: 'Juan Dopazo',
103 silly resolved        email: 'jdopazo@yahoo-inc.com',
103 silly resolved        url: 'http://github.com/juandopazo' },
103 silly resolved     license: 'BSD-3-Clause',
103 silly resolved     bin: { 'dep-graph': './bin/dep-graph.js' },
103 silly resolved     repository:
103 silly resolved      { type: 'git',
103 silly resolved        url: 'git://github.com/yahoo/es-dependency-graph.git' },
103 silly resolved     bugs: { url: 'https://github.com/yahoo/es-dependency-graph/issues' },
103 silly resolved     engines: { node: '>=0.10.x' },
103 silly resolved     dependencies:
103 silly resolved      { 'esprima-fb': '6001.1001.0-dev-harmony-fb',
103 silly resolved        nomnom: '^1.6.2',
103 silly resolved        mkdirp: '^0.5.0',
103 silly resolved        extend: '^1.2.1' },
103 silly resolved     devDependencies:
103 silly resolved      { rimraf: '^2.2.8',
103 silly resolved        mocha: '~1.18.2',
103 silly resolved        chai: '~1.9.1',
103 silly resolved        grunt: '^0.4.5',
103 silly resolved        'grunt-cli': '^0.1.13',
103 silly resolved        'grunt-es6-module-transpiler': '^0.6.0',
103 silly resolved        'grunt-es6-module-wrap-default': '^0.2.0',
103 silly resolved        'grunt-mocha-test': '^0.10.2',
103 silly resolved        'grunt-contrib-clean': '^0.5.0',
103 silly resolved        'xunit-file': '*' },
103 silly resolved     files: [ 'dist', 'build', 'bin', 'vendor', 'LICENSE.md' ],
103 silly resolved     main: 'dist/index.js',
103 silly resolved     scripts: { prepublish: 'grunt build', test: 'grunt test' },
103 silly resolved     readme: 'es-dependency-graph\r\n===================\r\n\r\n[![Build Status](https://travis-ci.org/yahoo/es-dependency-graph.svg?branch=master)](https://travis-ci.org/yahoo/es-dependency-graph)\r\n[![Dependency Status](https://gemnasium.com/yahoo/es-dependency-graph.svg)](https://gemnasium.com/yahoo/es-dependency-graph)\r\n[![NPM version](https://badge.fury.io/js/es-dependency-graph.svg)](http://badge.fury.io/js/es-dependency-graph)\r\n\r\nUtility for obtaining the dependency graph from ES6 modules.\r\n\r\nLimitations\r\n-----------\r\n\r\n`es-dependency-graph` only works for source code that the [Esprima parser][] can parse.\r\nThis does not include the whole ES6 syntax at the moment. In light of this\r\nlimitation, you should consider this module experimental until the ES6 syntax\r\nis standardized and Esprima can parse it.\r\n\r\nThis module only analyzes imports and exports declared using the ES module syntax.\r\nDynamic calls to the ES Loader will not be taken into account. If your application\r\nuses the System loader to load modules, you should consider using a tracer like\r\nthe [SystemJS build tool][].\r\n\r\n\r\nAPI\r\n---\r\n\r\n### depGraph(source, [options])\r\n\r\n`es-dependency-graph` exports a single function that takes a string with source code\r\nand returns an array of the dependencies in that module:\r\n\r\n```js\r\nvar depGraph = require(\'es-dependency-graph\');\r\n\r\nvar result = depGraph(\'import foo from "bar"; export default foo;\');\r\n// returns an array like [\'bar\']\r\n```\r\n\r\nIf the `includeBindings` option is set to `true`, then the depGraph function\r\nwill return an object containing all the imported and exported names of the\r\nmodule:\r\n\r\n```js\r\nvar depGraph = require(\'es-dependency-graph\');\r\n\r\nvar result = depGraph(\'import foo from "bar"; export default foo;\', {\r\n    includeBindings: true\r\n});\r\n/* result looks like this:\r\n{\r\n    imports: {\r\n        \'foo\': [\'bar\']\r\n    },\r\n    exports: [\'default\']\r\n}\r\n*/\r\n```\r\n\r\nOptionally, if you\'re already dealing with an AST that contains ES6 imports\r\nor exports, you can pass that AST object to the `depGraph` function:\r\n\r\n```js\r\nvar esprima  = require(\'esprima\'); // Make sure your Esprima version supports ES6!\r\nvar depGraph = require(\'es-dependency-graph\');\r\n\r\nvar ast = esprima.parse(\'import foo from "bar"; export default foo;\');\r\nvar result = depGraph(ast);\r\n```\r\n\r\nNote: none of the dependency names are normalized. It\'s up to you to decide how\r\nto normalize them.\r\n\r\nCLI\r\n---\r\n\r\nIf installed with `npm install es-dependency-graph -g` it can be used as a global\r\ncommand `dep-graph paths... [options]` which will generate a JSON file with\r\nall the dependency information. Try `dep-graph --help` for more information.\r\n\r\nLicense\r\n-------\r\n\r\nThis software is free to use under the Yahoo Inc. BSD license.\r\nSee the [LICENSE file][] for license text and copyright information.\r\n\r\nContribute\r\n----------\r\n\r\nSee the [CONTRIBUTING file][] for info.\r\n\r\n\r\n[CONTRIBUTING file]: https://github.com/yahoo/es-dependency-graph/blob/master/CONTRIBUTING.md\r\n[LICENSE file]: https://github.com/yahoo/es-dependency-graph/blob/master/LICENSE.md\r\n[Esprima parser]: http://esprima.org/\r\n[SystemJS build tool]: https://github.com/systemjs/builder/#advanced-build\r\n',
103 silly resolved     readmeFilename: 'README.md',
103 silly resolved     _id: 'es-dependency-graph@0.1.4',
103 silly resolved     dist: { shasum: '1a30bb752e29ac29c0f50fecfb662286253f616d' },
103 silly resolved     _from: 'es-dependency-graph@',
103 silly resolved     _resolved: 'https://registry.npmjs.org/es-dependency-graph/-/es-dependency-graph-0.1.4.tgz' } ]
104 info install es-dependency-graph@0.1.4 into /usr/lib
105 info installOne es-dependency-graph@0.1.4
106 info /usr/lib/node_modules/es-dependency-graph unbuild
107 info preuninstall es-dependency-graph@0.1.4
108 info uninstall es-dependency-graph@0.1.4
109 verbose true,/usr/lib/node_modules,/usr/lib/node_modules unbuild es-dependency-graph@0.1.4
110 verbose /usr/bin,[object Object] binRoot
111 info /usr/lib/node_modules/es-dependency-graph unbuild
112 info preuninstall es-dependency-graph@0.1.4
113 info uninstall es-dependency-graph@0.1.4
114 verbose true,/usr/lib/node_modules,/usr/lib/node_modules unbuild es-dependency-graph@0.1.4
115 verbose /usr/bin,[object Object] binRoot
116 error error rolling back Error: Refusing to delete: /usr/bin/dep-graph not in /usr/lib/node_modules/es-dependency-graph
116 error error rolling back     at clobberFail (/usr/lib/node_modules/npm/lib/utils/gently-rm.js:41:12)
116 error error rolling back     at next (/usr/lib/node_modules/npm/lib/utils/gently-rm.js:27:14)
116 error error rolling back     at /usr/lib/node_modules/npm/lib/utils/gently-rm.js:36:12
116 error error rolling back     at Object.oncomplete (fs.js:107:15)
116 error error rolling back  es-dependency-graph@0.1.4 { [Error: Refusing to delete: /usr/bin/dep-graph not in /usr/lib/node_modules/es-dependency-graph] code: 'EEXIST', path: '/usr/bin/dep-graph' }
117 error Refusing to delete: /usr/bin/dep-graph not in /usr/lib/node_modules/es-dependency-graph
File exists: /usr/bin/dep-graph
Move it away, and try again.
118 error System Linux 3.18.7-100.fc20.x86_64
119 error command "node" "/usr/bin/npm" "install" "-g" "es-dependency-graph"
120 error cwd /home/mwc/workspace/starseed-client/demos/patterns/src
121 error node -v v0.10.33
122 error npm -v 1.3.6
123 error path /usr/bin/dep-graph
124 error code EEXIST
125 verbose exit [ 1, true ]
